{"/home/jo/projects/uni/year3/challenge/entregas/mobile/ford/constants/dealers.ts": {"path":"/home/jo/projects/uni/year3/challenge/entregas/mobile/ford/constants/dealers.ts","statementMap":{"0":{"start":{"line":10,"column":33},"end":{"line":35,"column":1}}},"fnMap":{},"branchMap":{},"s":{"0":1},"f":{},"b":{},"_coverageSchema":"1a1c01bbd47fc00a2c39e90264f33305004495a9","hash":"a94558d93e501120a5db70758e5ab0017440acc3"}
,"/home/jo/projects/uni/year3/challenge/entregas/mobile/ford/constants/theme.ts": {"path":"/home/jo/projects/uni/year3/challenge/entregas/mobile/ford/constants/theme.ts","statementMap":{"0":{"start":{"line":1,"column":22},"end":{"line":13,"column":1}},"1":{"start":{"line":15,"column":26},"end":{"line":21,"column":1}},"2":{"start":{"line":23,"column":23},"end":{"line":30,"column":1}},"3":{"start":{"line":32,"column":22},"end":{"line":38,"column":1}}},"fnMap":{},"branchMap":{},"s":{"0":1,"1":1,"2":1,"3":1},"f":{},"b":{},"_coverageSchema":"1a1c01bbd47fc00a2c39e90264f33305004495a9","hash":"35143f02ae7f6685a2a04736ab3de142f9cef87f"}
,"/home/jo/projects/uni/year3/challenge/entregas/mobile/ford/hooks/use-color-scheme.ts": {"path":"/home/jo/projects/uni/year3/challenge/entregas/mobile/ford/hooks/use-color-scheme.ts","statementMap":{},"fnMap":{},"branchMap":{},"s":{},"f":{},"b":{},"_coverageSchema":"1a1c01bbd47fc00a2c39e90264f33305004495a9","hash":"911f588e3ac0f8e5dd3aea9e64509e1c01e7a191"}
,"/home/jo/projects/uni/year3/challenge/entregas/mobile/ford/hooks/use-color-scheme.web.ts": {"path":"/home/jo/projects/uni/year3/challenge/entregas/mobile/ford/hooks/use-color-scheme.web.ts","statementMap":{"0":{"start":{"line":8,"column":40},"end":{"line":8,"column":55}},"1":{"start":{"line":10,"column":2},"end":{"line":12,"column":9}},"2":{"start":{"line":11,"column":4},"end":{"line":11,"column":25}},"3":{"start":{"line":14,"column":22},"end":{"line":14,"column":40}},"4":{"start":{"line":16,"column":2},"end":{"line":18,"column":3}},"5":{"start":{"line":17,"column":4},"end":{"line":17,"column":23}},"6":{"start":{"line":20,"column":2},"end":{"line":20,"column":17}}},"fnMap":{"0":{"name":"useColorScheme","decl":{"start":{"line":7,"column":16},"end":{"line":7,"column":30}},"loc":{"start":{"line":7,"column":33},"end":{"line":21,"column":1}},"line":7},"1":{"name":"(anonymous_1)","decl":{"start":{"line":10,"column":12},"end":{"line":10,"column":13}},"loc":{"start":{"line":10,"column":18},"end":{"line":12,"column":3}},"line":10}},"branchMap":{"0":{"loc":{"start":{"line":16,"column":2},"end":{"line":18,"column":3}},"type":"if","locations":[{"start":{"line":16,"column":2},"end":{"line":18,"column":3}},{"start":{},"end":{}}],"line":16}},"s":{"0":4,"1":4,"2":2,"3":4,"4":4,"5":2,"6":2},"f":{"0":4,"1":2},"b":{"0":[2,2]},"_coverageSchema":"1a1c01bbd47fc00a2c39e90264f33305004495a9","hash":"8cd1ddb7eb92b1a2340a09cd073d014b8f3bfc81"}
,"/home/jo/projects/uni/year3/challenge/entregas/mobile/ford/hooks/use-theme-color.ts": {"path":"/home/jo/projects/uni/year3/challenge/entregas/mobile/ford/hooks/use-theme-color.ts","statementMap":{"0":{"start":{"line":13,"column":16},"end":{"line":13,"column":43}},"1":{"start":{"line":14,"column":25},"end":{"line":14,"column":37}},"2":{"start":{"line":16,"column":2},"end":{"line":20,"column":3}},"3":{"start":{"line":17,"column":4},"end":{"line":17,"column":26}},"4":{"start":{"line":19,"column":4},"end":{"line":19,"column":36}}},"fnMap":{"0":{"name":"useThemeColor","decl":{"start":{"line":9,"column":16},"end":{"line":9,"column":29}},"loc":{"start":{"line":12,"column":2},"end":{"line":21,"column":1}},"line":12}},"branchMap":{"0":{"loc":{"start":{"line":13,"column":16},"end":{"line":13,"column":43}},"type":"binary-expr","locations":[{"start":{"line":13,"column":16},"end":{"line":13,"column":32}},{"start":{"line":13,"column":36},"end":{"line":13,"column":43}}],"line":13},"1":{"loc":{"start":{"line":16,"column":2},"end":{"line":20,"column":3}},"type":"if","locations":[{"start":{"line":16,"column":2},"end":{"line":20,"column":3}},{"start":{"line":18,"column":9},"end":{"line":20,"column":3}}],"line":16}},"s":{"0":6,"1":6,"2":6,"3":3,"4":3},"f":{"0":6},"b":{"0":[6,1],"1":[3,3]},"_coverageSchema":"1a1c01bbd47fc00a2c39e90264f33305004495a9","hash":"b51bbaab7cd0076ec2afd0cdeafaade2de68428a"}
,"/home/jo/projects/uni/year3/challenge/entregas/mobile/ford/hooks/useBarometerAdvisor.ts": {"path":"/home/jo/projects/uni/year3/challenge/entregas/mobile/ford/hooks/useBarometerAdvisor.ts","statementMap":{"0":{"start":{"line":16,"column":26},"end":{"line":16,"column":29}},"1":{"start":{"line":17,"column":26},"end":{"line":17,"column":29}},"2":{"start":{"line":18,"column":26},"end":{"line":18,"column":27}},"3":{"start":{"line":19,"column":26},"end":{"line":19,"column":27}},"4":{"start":{"line":22,"column":2},"end":{"line":24,"column":3}},"5":{"start":{"line":23,"column":4},"end":{"line":23,"column":114}},"6":{"start":{"line":25,"column":2},"end":{"line":27,"column":3}},"7":{"start":{"line":26,"column":4},"end":{"line":26,"column":109}},"8":{"start":{"line":28,"column":2},"end":{"line":33,"column":3}},"9":{"start":{"line":29,"column":17},"end":{"line":29,"column":38}},"10":{"start":{"line":30,"column":4},"end":{"line":32,"column":5}},"11":{"start":{"line":31,"column":6},"end":{"line":31,"column":113}},"12":{"start":{"line":34,"column":2},"end":{"line":34,"column":14}},"13":{"start":{"line":38,"column":34},"end":{"line":38,"column":63}},"14":{"start":{"line":39,"column":28},"end":{"line":39,"column":58}},"15":{"start":{"line":40,"column":18},"end":{"line":40,"column":38}},"16":{"start":{"line":42,"column":2},"end":{"line":56,"column":15}},"17":{"start":{"line":43,"column":4},"end":{"line":43,"column":24}},"18":{"start":{"line":43,"column":17},"end":{"line":43,"column":24}},"19":{"start":{"line":45,"column":4},"end":{"line":45,"column":38}},"20":{"start":{"line":47,"column":16},"end":{"line":53,"column":6}},"21":{"start":{"line":48,"column":6},"end":{"line":48,"column":28}},"22":{"start":{"line":48,"column":21},"end":{"line":48,"column":28}},"23":{"start":{"line":50,"column":6},"end":{"line":50,"column":75}},"24":{"start":{"line":51,"column":6},"end":{"line":51,"column":21}},"25":{"start":{"line":52,"column":6},"end":{"line":52,"column":45}},"26":{"start":{"line":55,"column":4},"end":{"line":55,"column":30}},"27":{"start":{"line":55,"column":17},"end":{"line":55,"column":29}},"28":{"start":{"line":58,"column":2},"end":{"line":58,"column":29}}},"fnMap":{"0":{"name":"classify","decl":{"start":{"line":21,"column":9},"end":{"line":21,"column":17}},"loc":{"start":{"line":21,"column":71},"end":{"line":35,"column":1}},"line":21},"1":{"name":"useBarometerAdvisor","decl":{"start":{"line":37,"column":16},"end":{"line":37,"column":35}},"loc":{"start":{"line":37,"column":73},"end":{"line":59,"column":1}},"line":37},"2":{"name":"(anonymous_2)","decl":{"start":{"line":42,"column":12},"end":{"line":42,"column":13}},"loc":{"start":{"line":42,"column":18},"end":{"line":56,"column":3}},"line":42},"3":{"name":"(anonymous_3)","decl":{"start":{"line":47,"column":38},"end":{"line":47,"column":39}},"loc":{"start":{"line":47,"column":59},"end":{"line":53,"column":5}},"line":47},"4":{"name":"(anonymous_4)","decl":{"start":{"line":55,"column":11},"end":{"line":55,"column":12}},"loc":{"start":{"line":55,"column":17},"end":{"line":55,"column":29}},"line":55}},"branchMap":{"0":{"loc":{"start":{"line":22,"column":2},"end":{"line":24,"column":3}},"type":"if","locations":[{"start":{"line":22,"column":2},"end":{"line":24,"column":3}},{"start":{},"end":{}}],"line":22},"1":{"loc":{"start":{"line":25,"column":2},"end":{"line":27,"column":3}},"type":"if","locations":[{"start":{"line":25,"column":2},"end":{"line":27,"column":3}},{"start":{},"end":{}}],"line":25},"2":{"loc":{"start":{"line":28,"column":2},"end":{"line":33,"column":3}},"type":"if","locations":[{"start":{"line":28,"column":2},"end":{"line":33,"column":3}},{"start":{},"end":{}}],"line":28},"3":{"loc":{"start":{"line":30,"column":4},"end":{"line":32,"column":5}},"type":"if","locations":[{"start":{"line":30,"column":4},"end":{"line":32,"column":5}},{"start":{},"end":{}}],"line":30},"4":{"loc":{"start":{"line":37,"column":36},"end":{"line":37,"column":49}},"type":"default-arg","locations":[{"start":{"line":37,"column":45},"end":{"line":37,"column":49}}],"line":37},"5":{"loc":{"start":{"line":43,"column":4},"end":{"line":43,"column":24}},"type":"if","locations":[{"start":{"line":43,"column":4},"end":{"line":43,"column":24}},{"start":{},"end":{}}],"line":43},"6":{"loc":{"start":{"line":48,"column":6},"end":{"line":48,"column":28}},"type":"if","locations":[{"start":{"line":48,"column":6},"end":{"line":48,"column":28}},{"start":{},"end":{}}],"line":48}},"s":{"0":1,"1":1,"2":1,"3":1,"4":10,"5":2,"6":8,"7":1,"8":7,"9":3,"10":3,"11":1,"12":6,"13":23,"14":23,"15":23,"16":23,"17":13,"18":1,"19":12,"20":12,"21":11,"22":1,"23":10,"24":10,"25":10,"26":12,"27":12,"28":23},"f":{"0":10,"1":23,"2":13,"3":11,"4":12},"b":{"0":[2,8],"1":[1,7],"2":[3,4],"3":[1,2],"4":[0],"5":[1,12],"6":[1,10]},"_coverageSchema":"1a1c01bbd47fc00a2c39e90264f33305004495a9","hash":"29d743d62d6a760d37c05fafcafad9dc8f9584a6"}
,"/home/jo/projects/uni/year3/challenge/entregas/mobile/ford/hooks/useCrashDetector.ts": {"path":"/home/jo/projects/uni/year3/challenge/entregas/mobile/ford/hooks/useCrashDetector.ts","statementMap":{"0":{"start":{"line":4,"column":24},"end":{"line":4,"column":27}},"1":{"start":{"line":5,"column":20},"end":{"line":5,"column":26}},"2":{"start":{"line":8,"column":21},"end":{"line":8,"column":36}},"3":{"start":{"line":9,"column":2},"end":{"line":9,"column":64}},"4":{"start":{"line":9,"column":20},"end":{"line":9,"column":49}},"5":{"start":{"line":11,"column":20},"end":{"line":11,"column":29}},"6":{"start":{"line":13,"column":2},"end":{"line":29,"column":16}},"7":{"start":{"line":14,"column":4},"end":{"line":14,"column":25}},"8":{"start":{"line":14,"column":18},"end":{"line":14,"column":25}},"9":{"start":{"line":16,"column":4},"end":{"line":16,"column":40}},"10":{"start":{"line":18,"column":16},"end":{"line":26,"column":6}},"11":{"start":{"line":19,"column":18},"end":{"line":19,"column":50}},"12":{"start":{"line":20,"column":18},"end":{"line":20,"column":28}},"13":{"start":{"line":22,"column":6},"end":{"line":25,"column":7}},"14":{"start":{"line":23,"column":8},"end":{"line":23,"column":32}},"15":{"start":{"line":24,"column":8},"end":{"line":24,"column":29}},"16":{"start":{"line":28,"column":4},"end":{"line":28,"column":30}},"17":{"start":{"line":28,"column":17},"end":{"line":28,"column":29}}},"fnMap":{"0":{"name":"useCrashDetector","decl":{"start":{"line":7,"column":16},"end":{"line":7,"column":32}},"loc":{"start":{"line":7,"column":72},"end":{"line":30,"column":1}},"line":7},"1":{"name":"(anonymous_1)","decl":{"start":{"line":9,"column":12},"end":{"line":9,"column":13}},"loc":{"start":{"line":9,"column":18},"end":{"line":9,"column":51}},"line":9},"2":{"name":"(anonymous_2)","decl":{"start":{"line":13,"column":12},"end":{"line":13,"column":13}},"loc":{"start":{"line":13,"column":18},"end":{"line":29,"column":3}},"line":13},"3":{"name":"(anonymous_3)","decl":{"start":{"line":18,"column":42},"end":{"line":18,"column":43}},"loc":{"start":{"line":18,"column":59},"end":{"line":26,"column":5}},"line":18},"4":{"name":"(anonymous_4)","decl":{"start":{"line":28,"column":11},"end":{"line":28,"column":12}},"loc":{"start":{"line":28,"column":17},"end":{"line":28,"column":29}},"line":28}},"branchMap":{"0":{"loc":{"start":{"line":14,"column":4},"end":{"line":14,"column":25}},"type":"if","locations":[{"start":{"line":14,"column":4},"end":{"line":14,"column":25}},{"start":{},"end":{}}],"line":14},"1":{"loc":{"start":{"line":22,"column":6},"end":{"line":25,"column":7}},"type":"if","locations":[{"start":{"line":22,"column":6},"end":{"line":25,"column":7}},{"start":{},"end":{}}],"line":22},"2":{"loc":{"start":{"line":22,"column":10},"end":{"line":22,"column":72}},"type":"binary-expr","locations":[{"start":{"line":22,"column":10},"end":{"line":22,"column":31}},{"start":{"line":22,"column":35},"end":{"line":22,"column":72}}],"line":22}},"s":{"0":1,"1":1,"2":10,"3":10,"4":10,"5":10,"6":10,"7":10,"8":1,"9":9,"10":9,"11":8,"12":8,"13":8,"14":5,"15":5,"16":9,"17":9},"f":{"0":10,"1":10,"2":10,"3":8,"4":9},"b":{"0":[1,9],"1":[5,3],"2":[8,6]},"_coverageSchema":"1a1c01bbd47fc00a2c39e90264f33305004495a9","hash":"336ed704f1ca29a7084a17e9463061f1ae6d5a60"}
,"/home/jo/projects/uni/year3/challenge/entregas/mobile/ford/hooks/useGyroTilt.ts": {"path":"/home/jo/projects/uni/year3/challenge/entregas/mobile/ford/hooks/useGyroTilt.ts","statementMap":{"0":{"start":{"line":5,"column":15},"end":{"line":5,"column":57}},"1":{"start":{"line":6,"column":14},"end":{"line":6,"column":25}},"2":{"start":{"line":9,"column":16},"end":{"line":9,"column":33}},"3":{"start":{"line":10,"column":16},"end":{"line":10,"column":33}},"4":{"start":{"line":12,"column":2},"end":{"line":29,"column":16}},"5":{"start":{"line":13,"column":4},"end":{"line":13,"column":25}},"6":{"start":{"line":13,"column":18},"end":{"line":13,"column":25}},"7":{"start":{"line":15,"column":4},"end":{"line":15,"column":39}},"8":{"start":{"line":17,"column":16},"end":{"line":22,"column":6}},"9":{"start":{"line":18,"column":6},"end":{"line":18,"column":28}},"10":{"start":{"line":18,"column":21},"end":{"line":18,"column":28}},"11":{"start":{"line":19,"column":30},"end":{"line":19,"column":38}},"12":{"start":{"line":20,"column":6},"end":{"line":20,"column":80}},"13":{"start":{"line":21,"column":6},"end":{"line":21,"column":81}},"14":{"start":{"line":24,"column":4},"end":{"line":28,"column":6}},"15":{"start":{"line":25,"column":6},"end":{"line":25,"column":19}},"16":{"start":{"line":26,"column":6},"end":{"line":26,"column":42}},"17":{"start":{"line":27,"column":6},"end":{"line":27,"column":42}},"18":{"start":{"line":31,"column":2},"end":{"line":31,"column":26}}},"fnMap":{"0":{"name":"useGyroTilt","decl":{"start":{"line":8,"column":16},"end":{"line":8,"column":27}},"loc":{"start":{"line":8,"column":44},"end":{"line":32,"column":1}},"line":8},"1":{"name":"(anonymous_1)","decl":{"start":{"line":12,"column":12},"end":{"line":12,"column":13}},"loc":{"start":{"line":12,"column":18},"end":{"line":29,"column":3}},"line":12},"2":{"name":"(anonymous_2)","decl":{"start":{"line":17,"column":41},"end":{"line":17,"column":42}},"loc":{"start":{"line":17,"column":59},"end":{"line":22,"column":5}},"line":17},"3":{"name":"(anonymous_3)","decl":{"start":{"line":24,"column":11},"end":{"line":24,"column":12}},"loc":{"start":{"line":24,"column":17},"end":{"line":28,"column":5}},"line":24}},"branchMap":{"0":{"loc":{"start":{"line":8,"column":28},"end":{"line":8,"column":42}},"type":"default-arg","locations":[{"start":{"line":8,"column":38},"end":{"line":8,"column":42}}],"line":8},"1":{"loc":{"start":{"line":13,"column":4},"end":{"line":13,"column":25}},"type":"if","locations":[{"start":{"line":13,"column":4},"end":{"line":13,"column":25}},{"start":{},"end":{}}],"line":13},"2":{"loc":{"start":{"line":18,"column":6},"end":{"line":18,"column":28}},"type":"if","locations":[{"start":{"line":18,"column":6},"end":{"line":18,"column":28}},{"start":{},"end":{}}],"line":18}},"s":{"0":1,"1":1,"2":11,"3":11,"4":11,"5":11,"6":1,"7":10,"8":10,"9":4,"10":2,"11":2,"12":2,"13":2,"14":10,"15":10,"16":10,"17":10,"18":11},"f":{"0":11,"1":11,"2":4,"3":10},"b":{"0":[1],"1":[1,10],"2":[2,2]},"_coverageSchema":"1a1c01bbd47fc00a2c39e90264f33305004495a9","hash":"64daff3b4ff50f4550c09fe98f96173e6f59d957"}
,"/home/jo/projects/uni/year3/challenge/entregas/mobile/ford/hooks/useLiveTelemetry.ts": {"path":"/home/jo/projects/uni/year3/challenge/entregas/mobile/ford/hooks/useLiveTelemetry.ts","statementMap":{"0":{"start":{"line":10,"column":31},"end":{"line":15,"column":1}},"1":{"start":{"line":18,"column":2},"end":{"line":18,"column":41}},"2":{"start":{"line":22,"column":2},"end":{"line":22,"column":61}},"3":{"start":{"line":26,"column":26},"end":{"line":26,"column":58}},"4":{"start":{"line":27,"column":14},"end":{"line":27,"column":26}},"5":{"start":{"line":28,"column":2},"end":{"line":28,"column":21}},"6":{"start":{"line":30,"column":2},"end":{"line":47,"column":15}},"7":{"start":{"line":31,"column":4},"end":{"line":31,"column":24}},"8":{"start":{"line":31,"column":17},"end":{"line":31,"column":24}},"9":{"start":{"line":32,"column":15},"end":{"line":45,"column":12}},"10":{"start":{"line":33,"column":19},"end":{"line":33,"column":30}},"11":{"start":{"line":34,"column":6},"end":{"line":44,"column":9}},"12":{"start":{"line":46,"column":4},"end":{"line":46,"column":35}},"13":{"start":{"line":46,"column":17},"end":{"line":46,"column":34}},"14":{"start":{"line":49,"column":2},"end":{"line":49,"column":14}}},"fnMap":{"0":{"name":"clamp","decl":{"start":{"line":17,"column":9},"end":{"line":17,"column":14}},"loc":{"start":{"line":17,"column":52},"end":{"line":19,"column":1}},"line":17},"1":{"name":"jitter","decl":{"start":{"line":21,"column":9},"end":{"line":21,"column":15}},"loc":{"start":{"line":21,"column":68},"end":{"line":23,"column":1}},"line":21},"2":{"name":"useLiveTelemetry","decl":{"start":{"line":25,"column":16},"end":{"line":25,"column":32}},"loc":{"start":{"line":25,"column":63},"end":{"line":50,"column":1}},"line":25},"3":{"name":"(anonymous_3)","decl":{"start":{"line":30,"column":12},"end":{"line":30,"column":13}},"loc":{"start":{"line":30,"column":18},"end":{"line":47,"column":3}},"line":30},"4":{"name":"(anonymous_4)","decl":{"start":{"line":32,"column":27},"end":{"line":32,"column":28}},"loc":{"start":{"line":32,"column":33},"end":{"line":45,"column":5}},"line":32},"5":{"name":"(anonymous_5)","decl":{"start":{"line":46,"column":11},"end":{"line":46,"column":12}},"loc":{"start":{"line":46,"column":17},"end":{"line":46,"column":34}},"line":46}},"branchMap":{"0":{"loc":{"start":{"line":25,"column":33},"end":{"line":25,"column":46}},"type":"default-arg","locations":[{"start":{"line":25,"column":42},"end":{"line":25,"column":46}}],"line":25},"1":{"loc":{"start":{"line":31,"column":4},"end":{"line":31,"column":24}},"type":"if","locations":[{"start":{"line":31,"column":4},"end":{"line":31,"column":24}},{"start":{},"end":{}}],"line":31}},"s":{"0":1,"1":35777,"2":30666,"3":18,"4":18,"5":18,"6":18,"7":12,"8":1,"9":11,"10":5111,"11":5111,"12":11,"13":11,"14":18},"f":{"0":35777,"1":30666,"2":18,"3":12,"4":5111,"5":11},"b":{"0":[15],"1":[1,11]},"_coverageSchema":"1a1c01bbd47fc00a2c39e90264f33305004495a9","hash":"a3dbaf8636fbca85e5899371c022a455e0de97ed"}
,"/home/jo/projects/uni/year3/challenge/entregas/mobile/ford/hooks/useShakeDetector.ts": {"path":"/home/jo/projects/uni/year3/challenge/entregas/mobile/ford/hooks/useShakeDetector.ts","statementMap":{"0":{"start":{"line":4,"column":18},"end":{"line":4,"column":21}},"1":{"start":{"line":5,"column":21},"end":{"line":5,"column":22}},"2":{"start":{"line":6,"column":18},"end":{"line":6,"column":22}},"3":{"start":{"line":7,"column":20},"end":{"line":7,"column":24}},"4":{"start":{"line":10,"column":21},"end":{"line":10,"column":36}},"5":{"start":{"line":11,"column":2},"end":{"line":11,"column":64}},"6":{"start":{"line":11,"column":20},"end":{"line":11,"column":49}},"7":{"start":{"line":13,"column":16},"end":{"line":13,"column":36}},"8":{"start":{"line":14,"column":25},"end":{"line":14,"column":38}},"9":{"start":{"line":15,"column":20},"end":{"line":15,"column":29}},"10":{"start":{"line":17,"column":2},"end":{"line":46,"column":16}},"11":{"start":{"line":18,"column":4},"end":{"line":18,"column":25}},"12":{"start":{"line":18,"column":18},"end":{"line":18,"column":25}},"13":{"start":{"line":20,"column":4},"end":{"line":20,"column":40}},"14":{"start":{"line":22,"column":16},"end":{"line":39,"column":6}},"15":{"start":{"line":23,"column":18},"end":{"line":23,"column":64}},"16":{"start":{"line":24,"column":18},"end":{"line":24,"column":28}},"17":{"start":{"line":26,"column":6},"end":{"line":38,"column":7}},"18":{"start":{"line":27,"column":8},"end":{"line":27,"column":38}},"19":{"start":{"line":28,"column":8},"end":{"line":28,"column":73}},"20":{"start":{"line":28,"column":52},"end":{"line":28,"column":71}},"21":{"start":{"line":29,"column":8},"end":{"line":29,"column":32}},"22":{"start":{"line":31,"column":8},"end":{"line":35,"column":9}},"23":{"start":{"line":32,"column":10},"end":{"line":32,"column":34}},"24":{"start":{"line":33,"column":10},"end":{"line":33,"column":29}},"25":{"start":{"line":34,"column":10},"end":{"line":34,"column":31}},"26":{"start":{"line":36,"column":13},"end":{"line":38,"column":7}},"27":{"start":{"line":37,"column":8},"end":{"line":37,"column":39}},"28":{"start":{"line":41,"column":4},"end":{"line":45,"column":6}},"29":{"start":{"line":42,"column":6},"end":{"line":42,"column":19}},"30":{"start":{"line":43,"column":6},"end":{"line":43,"column":25}},"31":{"start":{"line":44,"column":6},"end":{"line":44,"column":37}}},"fnMap":{"0":{"name":"useShakeDetector","decl":{"start":{"line":9,"column":16},"end":{"line":9,"column":32}},"loc":{"start":{"line":9,"column":72},"end":{"line":47,"column":1}},"line":9},"1":{"name":"(anonymous_1)","decl":{"start":{"line":11,"column":12},"end":{"line":11,"column":13}},"loc":{"start":{"line":11,"column":18},"end":{"line":11,"column":51}},"line":11},"2":{"name":"(anonymous_2)","decl":{"start":{"line":17,"column":12},"end":{"line":17,"column":13}},"loc":{"start":{"line":17,"column":18},"end":{"line":46,"column":3}},"line":17},"3":{"name":"(anonymous_3)","decl":{"start":{"line":22,"column":42},"end":{"line":22,"column":43}},"loc":{"start":{"line":22,"column":59},"end":{"line":39,"column":5}},"line":22},"4":{"name":"(anonymous_4)","decl":{"start":{"line":28,"column":45},"end":{"line":28,"column":46}},"loc":{"start":{"line":28,"column":52},"end":{"line":28,"column":71}},"line":28},"5":{"name":"(anonymous_5)","decl":{"start":{"line":41,"column":11},"end":{"line":41,"column":12}},"loc":{"start":{"line":41,"column":17},"end":{"line":45,"column":5}},"line":41}},"branchMap":{"0":{"loc":{"start":{"line":18,"column":4},"end":{"line":18,"column":25}},"type":"if","locations":[{"start":{"line":18,"column":4},"end":{"line":18,"column":25}},{"start":{},"end":{}}],"line":18},"1":{"loc":{"start":{"line":26,"column":6},"end":{"line":38,"column":7}},"type":"if","locations":[{"start":{"line":26,"column":6},"end":{"line":38,"column":7}},{"start":{"line":36,"column":13},"end":{"line":38,"column":7}}],"line":26},"2":{"loc":{"start":{"line":26,"column":10},"end":{"line":26,"column":52}},"type":"binary-expr","locations":[{"start":{"line":26,"column":10},"end":{"line":26,"column":25}},{"start":{"line":26,"column":29},"end":{"line":26,"column":52}}],"line":26},"3":{"loc":{"start":{"line":31,"column":8},"end":{"line":35,"column":9}},"type":"if","locations":[{"start":{"line":31,"column":8},"end":{"line":35,"column":9}},{"start":{},"end":{}}],"line":31},"4":{"loc":{"start":{"line":31,"column":12},"end":{"line":31,"column":89}},"type":"binary-expr","locations":[{"start":{"line":31,"column":12},"end":{"line":31,"column":48}},{"start":{"line":31,"column":52},"end":{"line":31,"column":89}}],"line":31},"5":{"loc":{"start":{"line":36,"column":13},"end":{"line":38,"column":7}},"type":"if","locations":[{"start":{"line":36,"column":13},"end":{"line":38,"column":7}},{"start":{},"end":{}}],"line":36}},"s":{"0":1,"1":1,"2":1,"3":1,"4":12,"5":12,"6":12,"7":12,"8":12,"9":12,"10":12,"11":12,"12":2,"13":10,"14":10,"15":39,"16":39,"17":39,"18":18,"19":18,"20":16,"21":18,"22":18,"23":4,"24":4,"25":4,"26":21,"27":20,"28":10,"29":10,"30":10,"31":10},"f":{"0":12,"1":12,"2":12,"3":39,"4":16,"5":10},"b":{"0":[2,10],"1":[18,21],"2":[39,19],"3":[4,14],"4":[18,5],"5":[20,1]},"_coverageSchema":"1a1c01bbd47fc00a2c39e90264f33305004495a9","hash":"29e334cacacade199b2578d915cc9495077d419e"}
,"/home/jo/projects/uni/year3/challenge/entregas/mobile/ford/services/backgroundReminder.ts": {"path":"/home/jo/projects/uni/year3/challenge/entregas/mobile/ford/services/backgroundReminder.ts","statementMap":{"0":{"start":{"line":7,"column":40},"end":{"line":7,"column":63}},"1":{"start":{"line":8,"column":19},"end":{"line":8,"column":20}},"2":{"start":{"line":11,"column":27},"end":{"line":11,"column":53}},"3":{"start":{"line":12,"column":14},"end":{"line":12,"column":24}},"4":{"start":{"line":13,"column":17},"end":{"line":13,"column":30}},"5":{"start":{"line":14,"column":2},"end":{"line":14,"column":45}},"6":{"start":{"line":16,"column":2},"end":{"line":20,"column":5}},"7":{"start":{"line":17,"column":4},"end":{"line":17,"column":46}},"8":{"start":{"line":17,"column":33},"end":{"line":17,"column":46}},"9":{"start":{"line":18,"column":21},"end":{"line":18,"column":37}},"10":{"start":{"line":19,"column":4},"end":{"line":19,"column":49}},"11":{"start":{"line":23,"column":0},"end":{"line":46,"column":3}},"12":{"start":{"line":24,"column":2},"end":{"line":45,"column":3}},"13":{"start":{"line":25,"column":21},"end":{"line":25,"column":46}},"14":{"start":{"line":26,"column":4},"end":{"line":26,"column":83}},"15":{"start":{"line":26,"column":31},"end":{"line":26,"column":83}},"16":{"start":{"line":28,"column":4},"end":{"line":40,"column":5}},"17":{"start":{"line":29,"column":23},"end":{"line":31,"column":7}},"18":{"start":{"line":32,"column":6},"end":{"line":39,"column":9}},"19":{"start":{"line":42,"column":4},"end":{"line":42,"column":57}},"20":{"start":{"line":44,"column":4},"end":{"line":44,"column":56}},"21":{"start":{"line":49,"column":22},"end":{"line":49,"column":63}},"22":{"start":{"line":50,"column":2},"end":{"line":50,"column":23}},"23":{"start":{"line":50,"column":16},"end":{"line":50,"column":23}},"24":{"start":{"line":52,"column":17},"end":{"line":52,"column":55}},"25":{"start":{"line":53,"column":2},"end":{"line":56,"column":11}},"26":{"start":{"line":56,"column":4},"end":{"line":56,"column":11}},"27":{"start":{"line":58,"column":23},"end":{"line":58,"column":88}},"28":{"start":{"line":59,"column":2},"end":{"line":59,"column":27}},"29":{"start":{"line":59,"column":20},"end":{"line":59,"column":27}},"30":{"start":{"line":61,"column":2},"end":{"line":65,"column":5}}},"fnMap":{"0":{"name":"getUpcomingAppointments","decl":{"start":{"line":10,"column":9},"end":{"line":10,"column":32}},"loc":{"start":{"line":10,"column":35},"end":{"line":21,"column":1}},"line":10},"1":{"name":"(anonymous_1)","decl":{"start":{"line":16,"column":29},"end":{"line":16,"column":30}},"loc":{"start":{"line":16,"column":36},"end":{"line":20,"column":3}},"line":16},"2":{"name":"(anonymous_2)","decl":{"start":{"line":23,"column":49},"end":{"line":23,"column":50}},"loc":{"start":{"line":23,"column":61},"end":{"line":46,"column":1}},"line":23},"3":{"name":"registerBackgroundReminder","decl":{"start":{"line":48,"column":22},"end":{"line":48,"column":48}},"loc":{"start":{"line":48,"column":66},"end":{"line":66,"column":1}},"line":48}},"branchMap":{"0":{"loc":{"start":{"line":17,"column":4},"end":{"line":17,"column":46}},"type":"if","locations":[{"start":{"line":17,"column":4},"end":{"line":17,"column":46}},{"start":{},"end":{}}],"line":17},"1":{"loc":{"start":{"line":19,"column":11},"end":{"line":19,"column":48}},"type":"binary-expr","locations":[{"start":{"line":19,"column":11},"end":{"line":19,"column":26}},{"start":{"line":19,"column":30},"end":{"line":19,"column":48}}],"line":19},"2":{"loc":{"start":{"line":26,"column":4},"end":{"line":26,"column":83}},"type":"if","locations":[{"start":{"line":26,"column":4},"end":{"line":26,"column":83}},{"start":{},"end":{}}],"line":26},"3":{"loc":{"start":{"line":35,"column":68},"end":{"line":35,"column":93}},"type":"cond-expr","locations":[{"start":{"line":35,"column":85},"end":{"line":35,"column":88}},{"start":{"line":35,"column":91},"end":{"line":35,"column":93}}],"line":35},"4":{"loc":{"start":{"line":50,"column":2},"end":{"line":50,"column":23}},"type":"if","locations":[{"start":{"line":50,"column":2},"end":{"line":50,"column":23}},{"start":{},"end":{}}],"line":50},"5":{"loc":{"start":{"line":53,"column":2},"end":{"line":56,"column":11}},"type":"if","locations":[{"start":{"line":53,"column":2},"end":{"line":56,"column":11}},{"start":{},"end":{}}],"line":53},"6":{"loc":{"start":{"line":54,"column":4},"end":{"line":55,"column":59}},"type":"binary-expr","locations":[{"start":{"line":54,"column":4},"end":{"line":54,"column":63}},{"start":{"line":55,"column":4},"end":{"line":55,"column":59}}],"line":54},"7":{"loc":{"start":{"line":59,"column":2},"end":{"line":59,"column":27}},"type":"if","locations":[{"start":{"line":59,"column":2},"end":{"line":59,"column":27}},{"start":{},"end":{}}],"line":59}},"s":{"0":2,"1":2,"2":8,"3":8,"4":8,"5":8,"6":8,"7":9,"8":2,"9":7,"10":7,"11":2,"12":8,"13":8,"14":8,"15":3,"16":5,"17":6,"18":6,"19":4,"20":1,"21":8,"22":8,"23":1,"24":7,"25":7,"26":2,"27":5,"28":5,"29":1,"30":4},"f":{"0":8,"1":9,"2":8,"3":8},"b":{"0":[2,7],"1":[7,7],"2":[3,5],"3":[1,5],"4":[1,7],"5":[2,5],"6":[7,6],"7":[1,4]},"_coverageSchema":"1a1c01bbd47fc00a2c39e90264f33305004495a9","hash":"6fecfe0346fc13fd3e4a380e5fab51904334037f"}
,"/home/jo/projects/uni/year3/challenge/entregas/mobile/ford/services/calendarService.ts": {"path":"/home/jo/projects/uni/year3/challenge/entregas/mobile/ford/services/calendarService.ts","statementMap":{"0":{"start":{"line":13,"column":20},"end":{"line":13,"column":80}},"1":{"start":{"line":15,"column":18},"end":{"line":15,"column":77}},"2":{"start":{"line":15,"column":40},"end":{"line":15,"column":76}},"3":{"start":{"line":16,"column":2},"end":{"line":16,"column":81}},"4":{"start":{"line":16,"column":46},"end":{"line":16,"column":67}},"5":{"start":{"line":20,"column":21},"end":{"line":20,"column":69}},"6":{"start":{"line":21,"column":2},"end":{"line":21,"column":41}},"7":{"start":{"line":21,"column":28},"end":{"line":21,"column":41}},"8":{"start":{"line":23,"column":21},"end":{"line":23,"column":49}},"9":{"start":{"line":24,"column":2},"end":{"line":24,"column":32}},"10":{"start":{"line":24,"column":19},"end":{"line":24,"column":32}},"11":{"start":{"line":26,"column":25},"end":{"line":26,"column":58}},"12":{"start":{"line":27,"column":20},"end":{"line":27,"column":62}},"13":{"start":{"line":28,"column":18},"end":{"line":28,"column":37}},"14":{"start":{"line":29,"column":2},"end":{"line":29,"column":43}},"15":{"start":{"line":31,"column":2},"end":{"line":38,"column":5}},"16":{"start":{"line":40,"column":2},"end":{"line":40,"column":14}}},"fnMap":{"0":{"name":"getDefaultCalendarId","decl":{"start":{"line":12,"column":15},"end":{"line":12,"column":35}},"loc":{"start":{"line":12,"column":62},"end":{"line":17,"column":1}},"line":12},"1":{"name":"(anonymous_1)","decl":{"start":{"line":15,"column":33},"end":{"line":15,"column":34}},"loc":{"start":{"line":15,"column":40},"end":{"line":15,"column":76}},"line":15},"2":{"name":"(anonymous_2)","decl":{"start":{"line":16,"column":39},"end":{"line":16,"column":40}},"loc":{"start":{"line":16,"column":46},"end":{"line":16,"column":67}},"line":16},"3":{"name":"addServiceToCalendar","decl":{"start":{"line":19,"column":22},"end":{"line":19,"column":42}},"loc":{"start":{"line":19,"column":88},"end":{"line":41,"column":1}},"line":19}},"branchMap":{"0":{"loc":{"start":{"line":15,"column":40},"end":{"line":15,"column":76}},"type":"binary-expr","locations":[{"start":{"line":15,"column":40},"end":{"line":15,"column":51}},{"start":{"line":15,"column":55},"end":{"line":15,"column":76}}],"line":15},"1":{"loc":{"start":{"line":16,"column":9},"end":{"line":16,"column":80}},"type":"binary-expr","locations":[{"start":{"line":16,"column":9},"end":{"line":16,"column":20}},{"start":{"line":16,"column":24},"end":{"line":16,"column":72}},{"start":{"line":16,"column":76},"end":{"line":16,"column":80}}],"line":16},"2":{"loc":{"start":{"line":21,"column":2},"end":{"line":21,"column":41}},"type":"if","locations":[{"start":{"line":21,"column":2},"end":{"line":21,"column":41}},{"start":{},"end":{}}],"line":21},"3":{"loc":{"start":{"line":24,"column":2},"end":{"line":24,"column":32}},"type":"if","locations":[{"start":{"line":24,"column":2},"end":{"line":24,"column":32}},{"start":{},"end":{}}],"line":24}},"s":{"0":14,"1":14,"2":13,"3":14,"4":0,"5":15,"6":15,"7":1,"8":14,"9":14,"10":1,"11":13,"12":13,"13":13,"14":13,"15":13,"16":13},"f":{"0":14,"1":13,"2":0,"3":15},"b":{"0":[13,13],"1":[14,1,1],"2":[1,14],"3":[1,13]},"_coverageSchema":"1a1c01bbd47fc00a2c39e90264f33305004495a9","hash":"9a53ae3c8b08c5c4d1226fefbbf1ce6f27019fb5"}
,"/home/jo/projects/uni/year3/challenge/entregas/mobile/ford/services/chat.ts": {"path":"/home/jo/projects/uni/year3/challenge/entregas/mobile/ford/services/chat.ts","statementMap":{"0":{"start":{"line":7,"column":51},"end":{"line":48,"column":1}},"1":{"start":{"line":50,"column":17},"end":{"line":50,"column":162}},"2":{"start":{"line":53,"column":2},"end":{"line":55,"column":3}},"3":{"start":{"line":54,"column":4},"end":{"line":54,"column":42}},"4":{"start":{"line":54,"column":29},"end":{"line":54,"column":42}},"5":{"start":{"line":56,"column":2},"end":{"line":56,"column":18}},"6":{"start":{"line":63,"column":2},"end":{"line":63,"column":69}},"7":{"start":{"line":63,"column":27},"end":{"line":63,"column":67}},"8":{"start":{"line":64,"column":2},"end":{"line":64,"column":38}}},"fnMap":{"0":{"name":"mockReply","decl":{"start":{"line":52,"column":9},"end":{"line":52,"column":18}},"loc":{"start":{"line":52,"column":44},"end":{"line":57,"column":1}},"line":52},"1":{"name":"sendMessage","decl":{"start":{"line":59,"column":22},"end":{"line":59,"column":33}},"loc":{"start":{"line":62,"column":25},"end":{"line":65,"column":1}},"line":62},"2":{"name":"(anonymous_2)","decl":{"start":{"line":63,"column":20},"end":{"line":63,"column":21}},"loc":{"start":{"line":63,"column":27},"end":{"line":63,"column":67}},"line":63}},"branchMap":{"0":{"loc":{"start":{"line":54,"column":4},"end":{"line":54,"column":42}},"type":"if","locations":[{"start":{"line":54,"column":4},"end":{"line":54,"column":42}},{"start":{},"end":{}}],"line":54},"1":{"loc":{"start":{"line":61,"column":2},"end":{"line":61,"column":64}},"type":"default-arg","locations":[{"start":{"line":61,"column":62},"end":{"line":61,"column":64}}],"line":61}},"s":{"0":1,"1":1,"2":17,"3":105,"4":15,"5":2,"6":17,"7":17,"8":17},"f":{"0":17,"1":17,"2":17},"b":{"0":[15,90],"1":[16]},"_coverageSchema":"1a1c01bbd47fc00a2c39e90264f33305004495a9","hash":"09fc5209d7492b06730915bbfd1fa1db96fc7a2f"}
,"/home/jo/projects/uni/year3/challenge/entregas/mobile/ford/storage/secureStorage.ts": {"path":"/home/jo/projects/uni/year3/challenge/entregas/mobile/ford/storage/secureStorage.ts","statementMap":{"0":{"start":{"line":6,"column":2},"end":{"line":6,"column":45}},"1":{"start":{"line":9,"column":43},"end":{"line":19,"column":1}},"2":{"start":{"line":11,"column":4},"end":{"line":11,"column":54}},"3":{"start":{"line":14,"column":4},"end":{"line":14,"column":60}},"4":{"start":{"line":17,"column":4},"end":{"line":17,"column":56}}},"fnMap":{"0":{"name":"sanitizeKey","decl":{"start":{"line":5,"column":9},"end":{"line":5,"column":20}},"loc":{"start":{"line":5,"column":42},"end":{"line":7,"column":1}},"line":5},"1":{"name":"(anonymous_1)","decl":{"start":{"line":10,"column":11},"end":{"line":10,"column":12}},"loc":{"start":{"line":10,"column":58},"end":{"line":12,"column":3}},"line":10},"2":{"name":"(anonymous_2)","decl":{"start":{"line":13,"column":11},"end":{"line":13,"column":12}},"loc":{"start":{"line":13,"column":64},"end":{"line":15,"column":3}},"line":13},"3":{"name":"(anonymous_3)","decl":{"start":{"line":16,"column":14},"end":{"line":16,"column":15}},"loc":{"start":{"line":16,"column":52},"end":{"line":18,"column":3}},"line":16}},"branchMap":{},"s":{"0":66,"1":3,"2":9,"3":55,"4":2},"f":{"0":66,"1":9,"2":55,"3":2},"b":{},"_coverageSchema":"1a1c01bbd47fc00a2c39e90264f33305004495a9","hash":"8924cf81b10f2535af95c69fba12371f603646da"}
,"/home/jo/projects/uni/year3/challenge/entregas/mobile/ford/store/auth.ts": {"path":"/home/jo/projects/uni/year3/challenge/entregas/mobile/ford/store/auth.ts","statementMap":{"0":{"start":{"line":30,"column":28},"end":{"line":55,"column":1}},"1":{"start":{"line":32,"column":14},"end":{"line":43,"column":5}},"2":{"start":{"line":38,"column":23},"end":{"line":38,"column":59}},"3":{"start":{"line":39,"column":24},"end":{"line":39,"column":60}},"4":{"start":{"line":40,"column":20},"end":{"line":40,"column":99}},"5":{"start":{"line":41,"column":31},"end":{"line":41,"column":47}},"6":{"start":{"line":42,"column":32},"end":{"line":42,"column":59}},"7":{"start":{"line":46,"column":39},"end":{"line":46,"column":52}},"8":{"start":{"line":47,"column":26},"end":{"line":52,"column":7}}},"fnMap":{"0":{"name":"(anonymous_0)","decl":{"start":{"line":32,"column":4},"end":{"line":32,"column":5}},"loc":{"start":{"line":32,"column":14},"end":{"line":43,"column":5}},"line":32},"1":{"name":"(anonymous_1)","decl":{"start":{"line":38,"column":13},"end":{"line":38,"column":14}},"loc":{"start":{"line":38,"column":23},"end":{"line":38,"column":59}},"line":38},"2":{"name":"(anonymous_2)","decl":{"start":{"line":39,"column":14},"end":{"line":39,"column":15}},"loc":{"start":{"line":39,"column":24},"end":{"line":39,"column":60}},"line":39},"3":{"name":"(anonymous_3)","decl":{"start":{"line":40,"column":14},"end":{"line":40,"column":15}},"loc":{"start":{"line":40,"column":20},"end":{"line":40,"column":99}},"line":40},"4":{"name":"(anonymous_4)","decl":{"start":{"line":41,"column":18},"end":{"line":41,"column":19}},"loc":{"start":{"line":41,"column":31},"end":{"line":41,"column":47}},"line":41},"5":{"name":"(anonymous_5)","decl":{"start":{"line":42,"column":26},"end":{"line":42,"column":27}},"loc":{"start":{"line":42,"column":32},"end":{"line":42,"column":59}},"line":42},"6":{"name":"(anonymous_6)","decl":{"start":{"line":46,"column":33},"end":{"line":46,"column":34}},"loc":{"start":{"line":46,"column":39},"end":{"line":46,"column":52}},"line":46},"7":{"name":"(anonymous_7)","decl":{"start":{"line":47,"column":18},"end":{"line":47,"column":19}},"loc":{"start":{"line":47,"column":26},"end":{"line":52,"column":7}},"line":47}},"branchMap":{},"s":{"0":3,"1":3,"2":11,"3":3,"4":5,"5":8,"6":6,"7":3,"8":54},"f":{"0":3,"1":11,"2":3,"3":5,"4":8,"5":6,"6":3,"7":54},"b":{},"_coverageSchema":"1a1c01bbd47fc00a2c39e90264f33305004495a9","hash":"b6746bee4d82913a3bfc9a0043a5f58cae353408"}
,"/home/jo/projects/uni/year3/challenge/entregas/mobile/ford/store/service.ts": {"path":"/home/jo/projects/uni/year3/challenge/entregas/mobile/ford/store/service.ts","statementMap":{"0":{"start":{"line":24,"column":28},"end":{"line":50,"column":1}},"1":{"start":{"line":52,"column":31},"end":{"line":76,"column":1}},"2":{"start":{"line":54,"column":14},"end":{"line":69,"column":5}},"3":{"start":{"line":57,"column":8},"end":{"line":62,"column":11}},"4":{"start":{"line":57,"column":20},"end":{"line":62,"column":9}},"5":{"start":{"line":64,"column":8},"end":{"line":68,"column":11}},"6":{"start":{"line":64,"column":20},"end":{"line":68,"column":9}},"7":{"start":{"line":66,"column":12},"end":{"line":66,"column":59}},"8":{"start":{"line":72,"column":39},"end":{"line":72,"column":51}},"9":{"start":{"line":73,"column":26},"end":{"line":73,"column":58}}},"fnMap":{"0":{"name":"(anonymous_0)","decl":{"start":{"line":54,"column":4},"end":{"line":54,"column":5}},"loc":{"start":{"line":54,"column":14},"end":{"line":69,"column":5}},"line":54},"1":{"name":"(anonymous_1)","decl":{"start":{"line":56,"column":22},"end":{"line":56,"column":23}},"loc":{"start":{"line":57,"column":8},"end":{"line":62,"column":11}},"line":57},"2":{"name":"(anonymous_2)","decl":{"start":{"line":57,"column":12},"end":{"line":57,"column":13}},"loc":{"start":{"line":57,"column":20},"end":{"line":62,"column":9}},"line":57},"3":{"name":"(anonymous_3)","decl":{"start":{"line":63,"column":25},"end":{"line":63,"column":26}},"loc":{"start":{"line":64,"column":8},"end":{"line":68,"column":11}},"line":64},"4":{"name":"(anonymous_4)","decl":{"start":{"line":64,"column":12},"end":{"line":64,"column":13}},"loc":{"start":{"line":64,"column":20},"end":{"line":68,"column":9}},"line":64},"5":{"name":"(anonymous_5)","decl":{"start":{"line":65,"column":43},"end":{"line":65,"column":44}},"loc":{"start":{"line":66,"column":12},"end":{"line":66,"column":59}},"line":66},"6":{"name":"(anonymous_6)","decl":{"start":{"line":72,"column":33},"end":{"line":72,"column":34}},"loc":{"start":{"line":72,"column":39},"end":{"line":72,"column":51}},"line":72},"7":{"name":"(anonymous_7)","decl":{"start":{"line":73,"column":18},"end":{"line":73,"column":19}},"loc":{"start":{"line":73,"column":26},"end":{"line":73,"column":58}},"line":73}},"branchMap":{"0":{"loc":{"start":{"line":66,"column":12},"end":{"line":66,"column":59}},"type":"cond-expr","locations":[{"start":{"line":66,"column":26},"end":{"line":66,"column":55}},{"start":{"line":66,"column":58},"end":{"line":66,"column":59}}],"line":66}},"s":{"0":4,"1":4,"2":4,"3":9,"4":9,"5":6,"6":6,"7":18,"8":4,"9":41},"f":{"0":4,"1":9,"2":9,"3":6,"4":6,"5":18,"6":4,"7":41},"b":{"0":[5,13]},"_coverageSchema":"1a1c01bbd47fc00a2c39e90264f33305004495a9","hash":"c6d456809ccf132bedf69d194810b7019a823c1b"}
,"/home/jo/projects/uni/year3/challenge/entregas/mobile/ford/store/sos.ts": {"path":"/home/jo/projects/uni/year3/challenge/entregas/mobile/ford/store/sos.ts","statementMap":{"0":{"start":{"line":14,"column":27},"end":{"line":31,"column":1}},"1":{"start":{"line":16,"column":14},"end":{"line":23,"column":5}},"2":{"start":{"line":20,"column":30},"end":{"line":20,"column":81}},"3":{"start":{"line":20,"column":42},"end":{"line":20,"column":79}},"4":{"start":{"line":21,"column":38},"end":{"line":21,"column":70}},"5":{"start":{"line":22,"column":36},"end":{"line":22,"column":66}},"6":{"start":{"line":26,"column":39},"end":{"line":26,"column":51}},"7":{"start":{"line":28,"column":26},"end":{"line":28,"column":66}}},"fnMap":{"0":{"name":"(anonymous_0)","decl":{"start":{"line":16,"column":4},"end":{"line":16,"column":5}},"loc":{"start":{"line":16,"column":14},"end":{"line":23,"column":5}},"line":16},"1":{"name":"(anonymous_1)","decl":{"start":{"line":20,"column":24},"end":{"line":20,"column":25}},"loc":{"start":{"line":20,"column":30},"end":{"line":20,"column":81}},"line":20},"2":{"name":"(anonymous_2)","decl":{"start":{"line":20,"column":34},"end":{"line":20,"column":35}},"loc":{"start":{"line":20,"column":42},"end":{"line":20,"column":79}},"line":20},"3":{"name":"(anonymous_3)","decl":{"start":{"line":21,"column":27},"end":{"line":21,"column":28}},"loc":{"start":{"line":21,"column":38},"end":{"line":21,"column":70}},"line":21},"4":{"name":"(anonymous_4)","decl":{"start":{"line":22,"column":28},"end":{"line":22,"column":29}},"loc":{"start":{"line":22,"column":36},"end":{"line":22,"column":66}},"line":22},"5":{"name":"(anonymous_5)","decl":{"start":{"line":26,"column":33},"end":{"line":26,"column":34}},"loc":{"start":{"line":26,"column":39},"end":{"line":26,"column":51}},"line":26},"6":{"name":"(anonymous_6)","decl":{"start":{"line":28,"column":18},"end":{"line":28,"column":19}},"loc":{"start":{"line":28,"column":26},"end":{"line":28,"column":66}},"line":28}},"branchMap":{},"s":{"0":2,"1":2,"2":7,"3":7,"4":6,"5":5,"6":2,"7":32},"f":{"0":2,"1":7,"2":7,"3":6,"4":5,"5":2,"6":32},"b":{},"_coverageSchema":"1a1c01bbd47fc00a2c39e90264f33305004495a9","hash":"60242775dcebfde56713effaf6ef293058eb297f"}
,"/home/jo/projects/uni/year3/challenge/entregas/mobile/ford/store/trip.ts": {"path":"/home/jo/projects/uni/year3/challenge/entregas/mobile/ford/store/trip.ts","statementMap":{"0":{"start":{"line":23,"column":63},"end":{"line":27,"column":1}},"1":{"start":{"line":34,"column":21},"end":{"line":34,"column":49}},"2":{"start":{"line":35,"column":2},"end":{"line":41,"column":4}},"3":{"start":{"line":51,"column":28},"end":{"line":80,"column":1}},"4":{"start":{"line":53,"column":14},"end":{"line":73,"column":5}},"5":{"start":{"line":56,"column":8},"end":{"line":65,"column":11}},"6":{"start":{"line":56,"column":20},"end":{"line":65,"column":9}},"7":{"start":{"line":67,"column":8},"end":{"line":67,"column":67}},"8":{"start":{"line":67,"column":20},"end":{"line":67,"column":65}},"9":{"start":{"line":67,"column":51},"end":{"line":67,"column":62}},"10":{"start":{"line":68,"column":24},"end":{"line":68,"column":42}},"11":{"start":{"line":70,"column":8},"end":{"line":72,"column":11}},"12":{"start":{"line":70,"column":20},"end":{"line":72,"column":9}},"13":{"start":{"line":71,"column":36},"end":{"line":71,"column":81}},"14":{"start":{"line":76,"column":39},"end":{"line":76,"column":51}},"15":{"start":{"line":77,"column":26},"end":{"line":77,"column":44}}},"fnMap":{"0":{"name":"buildTrip","decl":{"start":{"line":29,"column":16},"end":{"line":29,"column":25}},"loc":{"start":{"line":33,"column":29},"end":{"line":42,"column":1}},"line":33},"1":{"name":"(anonymous_1)","decl":{"start":{"line":53,"column":4},"end":{"line":53,"column":5}},"loc":{"start":{"line":53,"column":14},"end":{"line":73,"column":5}},"line":53},"2":{"name":"(anonymous_2)","decl":{"start":{"line":55,"column":15},"end":{"line":55,"column":16}},"loc":{"start":{"line":56,"column":8},"end":{"line":65,"column":11}},"line":56},"3":{"name":"(anonymous_3)","decl":{"start":{"line":56,"column":12},"end":{"line":56,"column":13}},"loc":{"start":{"line":56,"column":20},"end":{"line":65,"column":9}},"line":56},"4":{"name":"(anonymous_4)","decl":{"start":{"line":66,"column":18},"end":{"line":66,"column":19}},"loc":{"start":{"line":67,"column":8},"end":{"line":67,"column":67}},"line":67},"5":{"name":"(anonymous_5)","decl":{"start":{"line":67,"column":12},"end":{"line":67,"column":13}},"loc":{"start":{"line":67,"column":20},"end":{"line":67,"column":65}},"line":67},"6":{"name":"(anonymous_6)","decl":{"start":{"line":67,"column":44},"end":{"line":67,"column":45}},"loc":{"start":{"line":67,"column":51},"end":{"line":67,"column":62}},"line":67},"7":{"name":"(anonymous_7)","decl":{"start":{"line":68,"column":18},"end":{"line":68,"column":19}},"loc":{"start":{"line":68,"column":24},"end":{"line":68,"column":42}},"line":68},"8":{"name":"(anonymous_8)","decl":{"start":{"line":69,"column":20},"end":{"line":69,"column":21}},"loc":{"start":{"line":70,"column":8},"end":{"line":72,"column":11}},"line":70},"9":{"name":"(anonymous_9)","decl":{"start":{"line":70,"column":12},"end":{"line":70,"column":13}},"loc":{"start":{"line":70,"column":20},"end":{"line":72,"column":9}},"line":70},"10":{"name":"(anonymous_10)","decl":{"start":{"line":71,"column":29},"end":{"line":71,"column":30}},"loc":{"start":{"line":71,"column":36},"end":{"line":71,"column":81}},"line":71},"11":{"name":"(anonymous_11)","decl":{"start":{"line":76,"column":33},"end":{"line":76,"column":34}},"loc":{"start":{"line":76,"column":39},"end":{"line":76,"column":51}},"line":76},"12":{"name":"(anonymous_12)","decl":{"start":{"line":77,"column":18},"end":{"line":77,"column":19}},"loc":{"start":{"line":77,"column":26},"end":{"line":77,"column":44}},"line":77}},"branchMap":{"0":{"loc":{"start":{"line":71,"column":36},"end":{"line":71,"column":81}},"type":"cond-expr","locations":[{"start":{"line":71,"column":50},"end":{"line":71,"column":77}},{"start":{"line":71,"column":80},"end":{"line":71,"column":81}}],"line":71}},"s":{"0":2,"1":26,"2":26,"3":2,"4":2,"5":19,"6":19,"7":3,"8":3,"9":4,"10":1,"11":6,"12":6,"13":7,"14":2,"15":59},"f":{"0":26,"1":2,"2":19,"3":19,"4":3,"5":3,"6":4,"7":1,"8":6,"9":6,"10":7,"11":2,"12":59},"b":{"0":[5,2]},"_coverageSchema":"1a1c01bbd47fc00a2c39e90264f33305004495a9","hash":"ba246044bf531fe85d866ac68a3e677b34e16a95"}
,"/home/jo/projects/uni/year3/challenge/entregas/mobile/ford/utils/maps.ts": {"path":"/home/jo/projects/uni/year3/challenge/entregas/mobile/ford/utils/maps.ts","statementMap":{"0":{"start":{"line":6,"column":17},"end":{"line":8,"column":3}},"1":{"start":{"line":7,"column":11},"end":{"line":7,"column":60}},"2":{"start":{"line":10,"column":2},"end":{"line":12,"column":3}},"3":{"start":{"line":11,"column":4},"end":{"line":11,"column":92}},"4":{"start":{"line":14,"column":16},"end":{"line":14,"column":61}},"5":{"start":{"line":15,"column":2},"end":{"line":15,"column":68}},"6":{"start":{"line":19,"column":14},"end":{"line":19,"column":39}},"7":{"start":{"line":20,"column":2},"end":{"line":20,"column":29}}},"fnMap":{"0":{"name":"buildRouteUrl","decl":{"start":{"line":5,"column":16},"end":{"line":5,"column":29}},"loc":{"start":{"line":5,"column":58},"end":{"line":16,"column":1}},"line":5},"1":{"name":"(anonymous_1)","decl":{"start":{"line":7,"column":4},"end":{"line":7,"column":5}},"loc":{"start":{"line":7,"column":11},"end":{"line":7,"column":60}},"line":7},"2":{"name":"openRouteToDealer","decl":{"start":{"line":18,"column":22},"end":{"line":18,"column":39}},"loc":{"start":{"line":18,"column":75},"end":{"line":21,"column":1}},"line":18}},"branchMap":{"0":{"loc":{"start":{"line":10,"column":2},"end":{"line":12,"column":3}},"type":"if","locations":[{"start":{"line":10,"column":2},"end":{"line":12,"column":3}},{"start":{},"end":{}}],"line":10}},"s":{"0":11,"1":22,"2":11,"3":7,"4":4,"5":4,"6":4,"7":4},"f":{"0":11,"1":22,"2":4},"b":{"0":[7,4]},"_coverageSchema":"1a1c01bbd47fc00a2c39e90264f33305004495a9","hash":"b7e85f71428f7f3d8191080b7424356e32ad4007"}
,"/home/jo/projects/uni/year3/challenge/entregas/mobile/ford/utils/serviceHistory.ts": {"path":"/home/jo/projects/uni/year3/challenge/entregas/mobile/ford/utils/serviceHistory.ts","statementMap":{"0":{"start":{"line":15,"column":14},"end":{"line":15,"column":39}},"1":{"start":{"line":17,"column":2},"end":{"line":20,"column":3}},"2":{"start":{"line":18,"column":16},"end":{"line":18,"column":34}},"3":{"start":{"line":19,"column":4},"end":{"line":19,"column":42}},"4":{"start":{"line":22,"column":2},"end":{"line":28,"column":8}},"5":{"start":{"line":23,"column":24},"end":{"line":23,"column":42}},"6":{"start":{"line":24,"column":30},"end":{"line":28,"column":5}},"7":{"start":{"line":32,"column":14},"end":{"line":32,"column":44}},"8":{"start":{"line":34,"column":2},"end":{"line":36,"column":3}},"9":{"start":{"line":35,"column":4},"end":{"line":35,"column":48}},"10":{"start":{"line":38,"column":2},"end":{"line":40,"column":47}},"11":{"start":{"line":39,"column":28},"end":{"line":39,"column":33}},"12":{"start":{"line":40,"column":29},"end":{"line":40,"column":44}}},"fnMap":{"0":{"name":"groupByMonth","decl":{"start":{"line":14,"column":16},"end":{"line":14,"column":28}},"loc":{"start":{"line":14,"column":70},"end":{"line":29,"column":1}},"line":14},"1":{"name":"(anonymous_1)","decl":{"start":{"line":23,"column":10},"end":{"line":23,"column":11}},"loc":{"start":{"line":23,"column":24},"end":{"line":23,"column":42}},"line":23},"2":{"name":"(anonymous_2)","decl":{"start":{"line":24,"column":9},"end":{"line":24,"column":10}},"loc":{"start":{"line":24,"column":30},"end":{"line":28,"column":5}},"line":24},"3":{"name":"groupByType","decl":{"start":{"line":31,"column":16},"end":{"line":31,"column":27}},"loc":{"start":{"line":31,"column":70},"end":{"line":41,"column":1}},"line":31},"4":{"name":"(anonymous_4)","decl":{"start":{"line":39,"column":10},"end":{"line":39,"column":11}},"loc":{"start":{"line":39,"column":28},"end":{"line":39,"column":33}},"line":39},"5":{"name":"(anonymous_5)","decl":{"start":{"line":40,"column":9},"end":{"line":40,"column":10}},"loc":{"start":{"line":40,"column":29},"end":{"line":40,"column":44}},"line":40}},"branchMap":{"0":{"loc":{"start":{"line":19,"column":18},"end":{"line":19,"column":35}},"type":"binary-expr","locations":[{"start":{"line":19,"column":18},"end":{"line":19,"column":30}},{"start":{"line":19,"column":34},"end":{"line":19,"column":35}}],"line":19},"1":{"loc":{"start":{"line":35,"column":21},"end":{"line":35,"column":41}},"type":"binary-expr","locations":[{"start":{"line":35,"column":21},"end":{"line":35,"column":36}},{"start":{"line":35,"column":40},"end":{"line":35,"column":41}}],"line":35}},"s":{"0":7,"1":7,"2":28,"3":28,"4":7,"5":8,"6":14,"7":6,"8":6,"9":25,"10":6,"11":24,"12":21},"f":{"0":7,"1":8,"2":14,"3":6,"4":24,"5":21},"b":{"0":[28,14],"1":[25,21]},"_coverageSchema":"1a1c01bbd47fc00a2c39e90264f33305004495a9","hash":"d54f9fe37d8e8c93f472da4df2458a126ea3d334"}
,"/home/jo/projects/uni/year3/challenge/entregas/mobile/ford/utils/vin.ts": {"path":"/home/jo/projects/uni/year3/challenge/entregas/mobile/ford/utils/vin.ts","statementMap":{"0":{"start":{"line":2,"column":48},"end":{"line":8,"column":1}},"1":{"start":{"line":11,"column":48},"end":{"line":18,"column":1}},"2":{"start":{"line":31,"column":2},"end":{"line":31,"column":55}},"3":{"start":{"line":31,"column":43},"end":{"line":31,"column":55}},"4":{"start":{"line":33,"column":16},"end":{"line":33,"column":33}},"5":{"start":{"line":34,"column":19},"end":{"line":34,"column":27}},"6":{"start":{"line":35,"column":14},"end":{"line":35,"column":31}},"7":{"start":{"line":37,"column":2},"end":{"line":41,"column":4}}},"fnMap":{"0":{"name":"decodeVin","decl":{"start":{"line":30,"column":16},"end":{"line":30,"column":25}},"loc":{"start":{"line":30,"column":58},"end":{"line":42,"column":1}},"line":30}},"branchMap":{"0":{"loc":{"start":{"line":31,"column":2},"end":{"line":31,"column":55}},"type":"if","locations":[{"start":{"line":31,"column":2},"end":{"line":31,"column":55}},{"start":{},"end":{}}],"line":31},"1":{"loc":{"start":{"line":38,"column":12},"end":{"line":38,"column":64}},"type":"cond-expr","locations":[{"start":{"line":38,"column":33},"end":{"line":38,"column":59}},{"start":{"line":38,"column":62},"end":{"line":38,"column":64}}],"line":38},"2":{"loc":{"start":{"line":40,"column":12},"end":{"line":40,"column":33}},"type":"binary-expr","locations":[{"start":{"line":40,"column":12},"end":{"line":40,"column":25}},{"start":{"line":40,"column":29},"end":{"line":40,"column":33}}],"line":40}},"s":{"0":2,"1":2,"2":63,"3":11,"4":52,"5":52,"6":52,"7":52},"f":{"0":63},"b":{"0":[11,52],"1":[50,2],"2":[52,7]},"_coverageSchema":"1a1c01bbd47fc00a2c39e90264f33305004495a9","hash":"d6f16d2345b00f40cfc447a4e05f2886d4e2a856"}
}
