TN:
SF:constants/dealers.ts
FNF:0
FNH:0
DA:10,1
LF:1
LH:1
BRF:0
BRH:0
end_of_record
TN:
SF:constants/theme.ts
FNF:0
FNH:0
DA:1,1
DA:15,1
DA:23,1
DA:32,1
LF:4
LH:4
BRF:0
BRH:0
end_of_record
TN:
SF:hooks/use-color-scheme.ts
FNF:0
FNH:0
LF:0
LH:0
BRF:0
BRH:0
end_of_record
TN:
SF:hooks/use-color-scheme.web.ts
FN:7,useColorScheme
FN:10,(anonymous_1)
FNF:2
FNH:2
FNDA:4,useColorScheme
FNDA:2,(anonymous_1)
DA:8,4
DA:10,4
DA:11,2
DA:14,4
DA:16,4
DA:17,2
DA:20,2
LF:7
LH:7
BRDA:16,0,0,2
BRDA:16,0,1,2
BRF:2
BRH:2
end_of_record
TN:
SF:hooks/use-theme-color.ts
FN:9,useThemeColor
FNF:1
FNH:1
FNDA:6,useThemeColor
DA:13,6
DA:14,6
DA:16,6
DA:17,3
DA:19,3
LF:5
LH:5
BRDA:13,0,0,6
BRDA:13,0,1,1
BRDA:16,1,0,3
BRDA:16,1,1,3
BRF:4
BRH:4
end_of_record
TN:
SF:hooks/useBarometerAdvisor.ts
FN:21,classify
FN:37,useBarometerAdvisor
FN:42,(anonymous_2)
FN:47,(anonymous_3)
FN:55,(anonymous_4)
FNF:5
FNH:5
FNDA:10,classify
FNDA:23,useBarometerAdvisor
FNDA:13,(anonymous_2)
FNDA:11,(anonymous_3)
FNDA:12,(anonymous_4)
DA:16,1
DA:17,1
DA:18,1
DA:19,1
DA:22,10
DA:23,2
DA:25,8
DA:26,1
DA:28,7
DA:29,3
DA:30,3
DA:31,1
DA:34,6
DA:38,23
DA:39,23
DA:40,23
DA:42,23
DA:43,13
DA:45,12
DA:47,12
DA:48,11
DA:50,10
DA:51,10
DA:52,10
DA:55,12
DA:58,23
LF:26
LH:26
BRDA:22,0,0,2
BRDA:22,0,1,8
BRDA:25,1,0,1
BRDA:25,1,1,7
BRDA:28,2,0,3
BRDA:28,2,1,4
BRDA:30,3,0,1
BRDA:30,3,1,2
BRDA:37,4,0,0
BRDA:43,5,0,1
BRDA:43,5,1,12
BRDA:48,6,0,1
BRDA:48,6,1,10
BRF:13
BRH:12
end_of_record
TN:
SF:hooks/useCrashDetector.ts
FN:7,useCrashDetector
FN:9,(anonymous_1)
FN:13,(anonymous_2)
FN:18,(anonymous_3)
FN:28,(anonymous_4)
FNF:5
FNH:5
FNDA:10,useCrashDetector
FNDA:10,(anonymous_1)
FNDA:10,(anonymous_2)
FNDA:8,(anonymous_3)
FNDA:9,(anonymous_4)
DA:4,1
DA:5,1
DA:8,10
DA:9,10
DA:11,10
DA:13,10
DA:14,10
DA:16,9
DA:18,9
DA:19,8
DA:20,8
DA:22,8
DA:23,5
DA:24,5
DA:28,9
LF:15
LH:15
BRDA:14,0,0,1
BRDA:14,0,1,9
BRDA:22,1,0,5
BRDA:22,1,1,3
BRDA:22,2,0,8
BRDA:22,2,1,6
BRF:6
BRH:6
end_of_record
TN:
SF:hooks/useGyroTilt.ts
FN:8,useGyroTilt
FN:12,(anonymous_1)
FN:17,(anonymous_2)
FN:24,(anonymous_3)
FNF:4
FNH:4
FNDA:11,useGyroTilt
FNDA:11,(anonymous_1)
FNDA:4,(anonymous_2)
FNDA:10,(anonymous_3)
DA:5,1
DA:6,1
DA:9,11
DA:10,11
DA:12,11
DA:13,11
DA:15,10
DA:17,10
DA:18,4
DA:19,2
DA:20,2
DA:21,2
DA:24,10
DA:25,10
DA:26,10
DA:27,10
DA:31,11
LF:17
LH:17
BRDA:8,0,0,1
BRDA:13,1,0,1
BRDA:13,1,1,10
BRDA:18,2,0,2
BRDA:18,2,1,2
BRF:5
BRH:5
end_of_record
TN:
SF:hooks/useLiveTelemetry.ts
FN:17,clamp
FN:21,jitter
FN:25,useLiveTelemetry
FN:30,(anonymous_3)
FN:32,(anonymous_4)
FN:46,(anonymous_5)
FNF:6
FNH:6
FNDA:35777,clamp
FNDA:30666,jitter
FNDA:18,useLiveTelemetry
FNDA:12,(anonymous_3)
FNDA:5111,(anonymous_4)
FNDA:11,(anonymous_5)
DA:10,1
DA:18,35777
DA:22,30666
DA:26,18
DA:27,18
DA:28,18
DA:30,18
DA:31,12
DA:32,11
DA:33,5111
DA:34,5111
DA:46,11
DA:49,18
LF:13
LH:13
BRDA:25,0,0,15
BRDA:31,1,0,1
BRDA:31,1,1,11
BRF:3
BRH:3
end_of_record
TN:
SF:hooks/useShakeDetector.ts
FN:9,useShakeDetector
FN:11,(anonymous_1)
FN:17,(anonymous_2)
FN:22,(anonymous_3)
FN:28,(anonymous_4)
FN:41,(anonymous_5)
FNF:6
FNH:6
FNDA:12,useShakeDetector
FNDA:12,(anonymous_1)
FNDA:12,(anonymous_2)
FNDA:39,(anonymous_3)
FNDA:16,(anonymous_4)
FNDA:10,(anonymous_5)
DA:4,1
DA:5,1
DA:6,1
DA:7,1
DA:10,12
DA:11,12
DA:13,12
DA:14,12
DA:15,12
DA:17,12
DA:18,12
DA:20,10
DA:22,10
DA:23,39
DA:24,39
DA:26,39
DA:27,18
DA:28,18
DA:29,18
DA:31,18
DA:32,4
DA:33,4
DA:34,4
DA:36,21
DA:37,20
DA:41,10
DA:42,10
DA:43,10
DA:44,10
LF:29
LH:29
BRDA:18,0,0,2
BRDA:18,0,1,10
BRDA:26,1,0,18
BRDA:26,1,1,21
BRDA:26,2,0,39
BRDA:26,2,1,19
BRDA:31,3,0,4
BRDA:31,3,1,14
BRDA:31,4,0,18
BRDA:31,4,1,5
BRDA:36,5,0,20
BRDA:36,5,1,1
BRF:12
BRH:12
end_of_record
TN:
SF:services/backgroundReminder.ts
FN:10,getUpcomingAppointments
FN:16,(anonymous_1)
FN:23,(anonymous_2)
FN:48,registerBackgroundReminder
FNF:4
FNH:4
FNDA:8,getUpcomingAppointments
FNDA:9,(anonymous_1)
FNDA:8,(anonymous_2)
FNDA:8,registerBackgroundReminder
DA:7,2
DA:8,2
DA:11,8
DA:12,8
DA:13,8
DA:14,8
DA:16,8
DA:17,9
DA:18,7
DA:19,7
DA:23,2
DA:24,8
DA:25,8
DA:26,8
DA:28,5
DA:29,6
DA:32,6
DA:42,4
DA:44,1
DA:49,8
DA:50,8
DA:52,7
DA:53,7
DA:56,2
DA:58,5
DA:59,5
DA:61,4
LF:27
LH:27
BRDA:17,0,0,2
BRDA:17,0,1,7
BRDA:19,1,0,7
BRDA:19,1,1,7
BRDA:26,2,0,3
BRDA:26,2,1,5
BRDA:35,3,0,1
BRDA:35,3,1,5
BRDA:50,4,0,1
BRDA:50,4,1,7
BRDA:53,5,0,2
BRDA:53,5,1,5
BRDA:54,6,0,7
BRDA:54,6,1,6
BRDA:59,7,0,1
BRDA:59,7,1,4
BRF:16
BRH:16
end_of_record
TN:
SF:services/calendarService.ts
FN:12,getDefaultCalendarId
FN:15,(anonymous_1)
FN:16,(anonymous_2)
FN:19,addServiceToCalendar
FNF:4
FNH:3
FNDA:14,getDefaultCalendarId
FNDA:13,(anonymous_1)
FNDA:0,(anonymous_2)
FNDA:15,addServiceToCalendar
DA:13,14
DA:15,14
DA:16,14
DA:20,15
DA:21,15
DA:23,14
DA:24,14
DA:26,13
DA:27,13
DA:28,13
DA:29,13
DA:31,13
DA:40,13
LF:13
LH:13
BRDA:15,0,0,13
BRDA:15,0,1,13
BRDA:16,1,0,14
BRDA:16,1,1,1
BRDA:16,1,2,1
BRDA:21,2,0,1
BRDA:21,2,1,14
BRDA:24,3,0,1
BRDA:24,3,1,13
BRF:9
BRH:9
end_of_record
TN:
SF:services/chat.ts
FN:52,mockReply
FN:59,sendMessage
FN:63,(anonymous_2)
FNF:3
FNH:3
FNDA:17,mockReply
FNDA:17,sendMessage
FNDA:17,(anonymous_2)
DA:7,1
DA:50,1
DA:53,17
DA:54,105
DA:56,2
DA:63,17
DA:64,17
LF:7
LH:7
BRDA:54,0,0,15
BRDA:54,0,1,90
BRDA:61,1,0,16
BRF:3
BRH:3
end_of_record
TN:
SF:storage/secureStorage.ts
FN:5,sanitizeKey
FN:10,(anonymous_1)
FN:13,(anonymous_2)
FN:16,(anonymous_3)
FNF:4
FNH:4
FNDA:66,sanitizeKey
FNDA:9,(anonymous_1)
FNDA:55,(anonymous_2)
FNDA:2,(anonymous_3)
DA:6,66
DA:9,3
DA:11,9
DA:14,55
DA:17,2
LF:5
LH:5
BRF:0
BRH:0
end_of_record
TN:
SF:store/auth.ts
FN:32,(anonymous_0)
FN:38,(anonymous_1)
FN:39,(anonymous_2)
FN:40,(anonymous_3)
FN:41,(anonymous_4)
FN:42,(anonymous_5)
FN:46,(anonymous_6)
FN:47,(anonymous_7)
FNF:8
FNH:8
FNDA:3,(anonymous_0)
FNDA:11,(anonymous_1)
FNDA:3,(anonymous_2)
FNDA:5,(anonymous_3)
FNDA:8,(anonymous_4)
FNDA:6,(anonymous_5)
FNDA:3,(anonymous_6)
FNDA:54,(anonymous_7)
DA:30,3
DA:32,3
DA:38,11
DA:39,3
DA:40,5
DA:41,8
DA:42,6
DA:46,3
DA:47,54
LF:9
LH:9
BRF:0
BRH:0
end_of_record
TN:
SF:store/service.ts
FN:54,(anonymous_0)
FN:56,(anonymous_1)
FN:57,(anonymous_2)
FN:63,(anonymous_3)
FN:64,(anonymous_4)
FN:65,(anonymous_5)
FN:72,(anonymous_6)
FN:73,(anonymous_7)
FNF:8
FNH:8
FNDA:4,(anonymous_0)
FNDA:9,(anonymous_1)
FNDA:9,(anonymous_2)
FNDA:6,(anonymous_3)
FNDA:6,(anonymous_4)
FNDA:18,(anonymous_5)
FNDA:4,(anonymous_6)
FNDA:41,(anonymous_7)
DA:24,4
DA:52,4
DA:54,4
DA:57,9
DA:64,6
DA:66,18
DA:72,4
DA:73,41
LF:8
LH:8
BRDA:66,0,0,5
BRDA:66,0,1,13
BRF:2
BRH:2
end_of_record
TN:
SF:store/sos.ts
FN:16,(anonymous_0)
FN:20,(anonymous_1)
FN:20,(anonymous_2)
FN:21,(anonymous_3)
FN:22,(anonymous_4)
FN:26,(anonymous_5)
FN:28,(anonymous_6)
FNF:7
FNH:7
FNDA:2,(anonymous_0)
FNDA:7,(anonymous_1)
FNDA:7,(anonymous_2)
FNDA:6,(anonymous_3)
FNDA:5,(anonymous_4)
FNDA:2,(anonymous_5)
FNDA:32,(anonymous_6)
DA:14,2
DA:16,2
DA:20,7
DA:21,6
DA:22,5
DA:26,2
DA:28,32
LF:7
LH:7
BRF:0
BRH:0
end_of_record
TN:
SF:store/trip.ts
FN:29,buildTrip
FN:53,(anonymous_1)
FN:55,(anonymous_2)
FN:56,(anonymous_3)
FN:66,(anonymous_4)
FN:67,(anonymous_5)
FN:67,(anonymous_6)
FN:68,(anonymous_7)
FN:69,(anonymous_8)
FN:70,(anonymous_9)
FN:71,(anonymous_10)
FN:76,(anonymous_11)
FN:77,(anonymous_12)
FNF:13
FNH:13
FNDA:26,buildTrip
FNDA:2,(anonymous_1)
FNDA:19,(anonymous_2)
FNDA:19,(anonymous_3)
FNDA:3,(anonymous_4)
FNDA:3,(anonymous_5)
FNDA:4,(anonymous_6)
FNDA:1,(anonymous_7)
FNDA:6,(anonymous_8)
FNDA:6,(anonymous_9)
FNDA:7,(anonymous_10)
FNDA:2,(anonymous_11)
FNDA:59,(anonymous_12)
DA:23,2
DA:34,26
DA:35,26
DA:51,2
DA:53,2
DA:56,19
DA:67,4
DA:68,1
DA:70,6
DA:71,7
DA:76,2
DA:77,59
LF:12
LH:12
BRDA:71,0,0,5
BRDA:71,0,1,2
BRF:2
BRH:2
end_of_record
TN:
SF:utils/maps.ts
FN:5,buildRouteUrl
FN:7,(anonymous_1)
FN:18,openRouteToDealer
FNF:3
FNH:3
FNDA:11,buildRouteUrl
FNDA:22,(anonymous_1)
FNDA:4,openRouteToDealer
DA:6,11
DA:7,22
DA:10,11
DA:11,7
DA:14,4
DA:15,4
DA:19,4
DA:20,4
LF:8
LH:8
BRDA:10,0,0,7
BRDA:10,0,1,4
BRF:2
BRH:2
end_of_record
TN:
SF:utils/serviceHistory.ts
FN:14,groupByMonth
FN:23,(anonymous_1)
FN:24,(anonymous_2)
FN:31,groupByType
FN:39,(anonymous_4)
FN:40,(anonymous_5)
FNF:6
FNH:6
FNDA:7,groupByMonth
FNDA:8,(anonymous_1)
FNDA:14,(anonymous_2)
FNDA:6,groupByType
FNDA:24,(anonymous_4)
FNDA:21,(anonymous_5)
DA:15,7
DA:17,7
DA:18,28
DA:19,28
DA:22,7
DA:23,8
DA:24,14
DA:32,6
DA:34,6
DA:35,25
DA:38,6
DA:39,24
DA:40,21
LF:13
LH:13
BRDA:19,0,0,28
BRDA:19,0,1,14
BRDA:35,1,0,25
BRDA:35,1,1,21
BRF:4
BRH:4
end_of_record
TN:
SF:utils/vin.ts
FN:30,decodeVin
FNF:1
FNH:1
FNDA:63,decodeVin
DA:2,2
DA:11,2
DA:31,63
DA:33,52
DA:34,52
DA:35,52
DA:37,52
LF:7
LH:7
BRDA:31,0,0,11
BRDA:31,0,1,52
BRDA:38,1,0,50
BRDA:38,1,1,2
BRDA:40,2,0,52
BRDA:40,2,1,7
BRF:6
BRH:6
end_of_record
